androidApp/build/intermediates/manifest_merge_blame_file/debug/manifest-merger-blame-debug-report.txt
1<?xml version="1.0" encoding="utf-8"?>
2<manifest xmlns:android="http://schemas.android.com/apk/res/android"
3    package="me.user.androidApp"
4    android:versionCode="1"
5    android:versionName="1.0" >
6
7    <uses-sdk
8        android:minSdkVersion="24"
8-->src\main\AndroidManifest.xml
9        android:targetSdkVersion="29" />
9-->src\main\AndroidManifest.xml
10
11    <uses-permission android:name="android.permission.INTERNET" />
11-->[:shared] AndroidManifest.xml:9:5-67
11-->[:shared] AndroidManifest.xml:9:22-64
12    <uses-permission android:name="android.permission.ACCESS_COARSE_LOCATION" />
12-->[:shared] AndroidManifest.xml:10:5-81
12-->[:shared] AndroidManifest.xml:10:22-78
13    <uses-permission android:name="android.permission.ACCESS_FINE_LOCATION" />
13-->[:shared] AndroidManifest.xml:11:5-79
13-->[:shared] AndroidManifest.xml:11:22-76
14
15    <application
15-->src\main\AndroidManifest.xml:3:5-20:19
16        android:allowBackup="false"
16-->src\main\AndroidManifest.xml:4:13-40
17        android:appComponentFactory="androidx.core.app.CoreComponentFactory"
17-->[androidx.core:core:1.3.1] AndroidManifest.xml:24:18-86
18        android:debuggable="true"
19        android:extractNativeLibs="false"
20        android:icon="@mipmap/ic_launcher"
20-->src\main\AndroidManifest.xml:5:13-47
21        android:label="@string/app_name"
21-->src\main\AndroidManifest.xml:6:13-45
22        android:roundIcon="@mipmap/ic_launcher_round"
22-->src\main\AndroidManifest.xml:7:13-58
23        android:supportsRtl="true"
23-->src\main\AndroidManifest.xml:8:13-39
24        android:testOnly="true"
25        android:theme="@style/AppTheme"
25-->src\main\AndroidManifest.xml:10:13-44
26        android:usesCleartextTraffic="true" >
26-->src\main\AndroidManifest.xml:9:13-48
27        <activity android:name="me.user.androidApp.MainActivity" >
27-->src\main\AndroidManifest.xml:11:9-16:20
27-->src\main\AndroidManifest.xml:11:19-47
28            <intent-filter>
28-->src\main\AndroidManifest.xml:12:13-15:29
29                <action android:name="android.intent.action.MAIN" />
29-->src\main\AndroidManifest.xml:13:17-68
29-->src\main\AndroidManifest.xml:13:25-66
30
31                <category android:name="android.intent.category.LAUNCHER" />
31-->src\main\AndroidManifest.xml:14:17-76
31-->src\main\AndroidManifest.xml:14:27-74
32            </intent-filter>
33        </activity>
34
35        <meta-data
35-->src\main\AndroidManifest.xml:17:9-19:61
36            android:name="preloaded_fonts"
36-->src\main\AndroidManifest.xml:18:17-47
37            android:resource="@array/preloaded_fonts" />
37-->src\main\AndroidManifest.xml:19:17-58
38
39        <activity
39-->[com.google.android.gms:play-services-base:17.5.0] AndroidManifest.xml:23:9-26:75
40            android:name="com.google.android.gms.common.api.GoogleApiActivity"
40-->[com.google.android.gms:play-services-base:17.5.0] AndroidManifest.xml:24:13-79
41            android:exported="false"
41-->[com.google.android.gms:play-services-base:17.5.0] AndroidManifest.xml:25:13-37
42            android:theme="@android:style/Theme.Translucent.NoTitleBar" />
42-->[com.google.android.gms:play-services-base:17.5.0] AndroidManifest.xml:26:13-72
43
44        <meta-data
44-->[com.google.android.gms:play-services-basement:17.5.0] AndroidManifest.xml:23:9-25:69
45            android:name="com.google.android.gms.version"
45-->[com.google.android.gms:play-services-basement:17.5.0] AndroidManifest.xml:24:13-58
46            android:value="@integer/google_play_services_version" />
46-->[com.google.android.gms:play-services-basement:17.5.0] AndroidManifest.xml:25:13-66
47    </application>
48
49</manifest>